<?xml version="1.0" encoding="UTF-8"?>
<testng-results skipped="0" failed="0" ignored="0" total="1" passed="1">
  <reporter-output>
  </reporter-output>
  <suite name="Suite" duration-ms="13389" started-at="2021-07-29T21:57:35 AEST" finished-at="2021-07-29T21:57:48 AEST">
    <groups>
    </groups>
    <test name="Test" duration-ms="13389" started-at="2021-07-29T21:57:35 AEST" finished-at="2021-07-29T21:57:48 AEST">
      <class name="AzureDevOps.AzureReporting.directtoazure">
        <test-method status="PASS" signature="automation1()[pri:0, instance:AzureDevOps.AzureReporting.directtoazure@48503868]" name="automation1" duration-ms="13301" started-at="2021-07-29T21:57:35 AEST" finished-at="2021-07-29T21:57:48 AEST">
          <reporter-output>
          </reporter-output>
        </test-method> <!-- automation1 -->
      </class> <!-- AzureDevOps.AzureReporting.directtoazure -->
    </test> <!-- Test -->
  </suite> <!-- Suite -->
</testng-results>
